<?xml version="1.0" encoding="UTF-8"?>
<coverage generated="1713598280283" clover="3.2.0">
  <project timestamp="1713598280283" name="All files">
    <metrics statements="15" coveredstatements="15" conditionals="4" coveredconditionals="4" methods="2" coveredmethods="2" elements="21" coveredelements="21" complexity="0" loc="15" ncloc="15" packages="2" files="3" classes="3"/>
    <package name="controllers.middlewaresControllers.createCRUDController">
      <metrics statements="12" coveredstatements="12" conditionals="4" coveredconditionals="4" methods="2" coveredmethods="2"/>
      <file name="create.js" path="C:\Users\sif\Desktop\mgl846\idurar-erp-crm\backend\src\controllers\middlewaresControllers\createCRUDController\create.js">
        <metrics statements="5" coveredstatements="5" conditionals="0" coveredconditionals="0" methods="1" coveredmethods="1"/>
        <line num="1" count="1" type="stmt"/>
        <line num="3" count="2" type="stmt"/>
        <line num="4" count="1" type="stmt"/>
        <line num="7" count="1" type="stmt"/>
        <line num="14" count="1" type="stmt"/>
      </file>
      <file name="listAll.js" path="C:\Users\sif\Desktop\mgl846\idurar-erp-crm\backend\src\controllers\middlewaresControllers\createCRUDController\listAll.js">
        <metrics statements="7" coveredstatements="7" conditionals="4" coveredconditionals="4" methods="1" coveredmethods="1"/>
        <line num="1" count="1" type="stmt"/>
        <line num="2" count="4" type="cond" truecount="2" falsecount="0"/>
        <line num="5" count="4" type="stmt"/>
        <line num="7" count="4" type="cond" truecount="2" falsecount="0"/>
        <line num="8" count="3" type="stmt"/>
        <line num="14" count="1" type="stmt"/>
        <line num="22" count="1" type="stmt"/>
      </file>
    </package>
    <package name="models.coreModels">
      <metrics statements="3" coveredstatements="3" conditionals="0" coveredconditionals="0" methods="0" coveredmethods="0"/>
      <file name="Email.js" path="C:\Users\sif\Desktop\mgl846\idurar-erp-crm\backend\src\models\coreModels\Email.js">
        <metrics statements="3" coveredstatements="3" conditionals="0" coveredconditionals="0" methods="0" coveredmethods="0"/>
        <line num="1" count="2" type="stmt"/>
        <line num="3" count="2" type="stmt"/>
        <line num="48" count="2" type="stmt"/>
      </file>
    </package>
  </project>
</coverage>
