{"C:\\Users\\sif\\Desktop\\mgl846\\idurar-erp-crm\\backend\\src\\controllers\\middlewaresControllers\\createCRUDController\\create.js": {"path":"C:\\Users\\sif\\Desktop\\mgl846\\idurar-erp-crm\\backend\\src\\controllers\\middlewaresControllers\\createCRUDController\\create.js","statementMap":{"0":{"start":{"line":1,"column":15},"end":{"line":14,"column":1}},"1":{"start":{"line":3,"column":2},"end":{"line":3,"column":27}},"2":{"start":{"line":4,"column":17},"end":{"line":6,"column":11}},"3":{"start":{"line":9,"column":2},"end":{"line":13,"column":5}},"4":{"start":{"line":16,"column":0},"end":{"line":16,"column":24}}},"fnMap":{"0":{"name":"(anonymous_0)","decl":{"start":{"line":1,"column":15},"end":{"line":1,"column":16}},"loc":{"start":{"line":1,"column":42},"end":{"line":14,"column":1}},"line":1}},"branchMap":{},"s":{"0":2,"1":2,"2":1,"3":1,"4":2},"f":{"0":2},"b":{},"inputSourceMap":null,"_coverageSchema":"1a1c01bbd47fc00a2c39e90264f33305004495a9","hash":"809d7d254d2084e2857cc74f00e941b967554a29"}
,"C:\\Users\\sif\\Desktop\\mgl846\\idurar-erp-crm\\backend\\src\\controllers\\middlewaresControllers\\createCRUDController\\filter.js": {"path":"C:\\Users\\sif\\Desktop\\mgl846\\idurar-erp-crm\\backend\\src\\controllers\\middlewaresControllers\\createCRUDController\\filter.js","statementMap":{"0":{"start":{"line":1,"column":15},"end":{"line":29,"column":1}},"1":{"start":{"line":2,"column":2},"end":{"line":8,"column":3}},"2":{"start":{"line":3,"column":4},"end":{"line":7,"column":7}},"3":{"start":{"line":9,"column":17},"end":{"line":14,"column":11}},"4":{"start":{"line":15,"column":2},"end":{"line":28,"column":3}},"5":{"start":{"line":16,"column":4},"end":{"line":20,"column":7}},"6":{"start":{"line":23,"column":4},"end":{"line":27,"column":7}},"7":{"start":{"line":31,"column":0},"end":{"line":31,"column":24}}},"fnMap":{"0":{"name":"(anonymous_0)","decl":{"start":{"line":1,"column":15},"end":{"line":1,"column":16}},"loc":{"start":{"line":1,"column":42},"end":{"line":29,"column":1}},"line":1}},"branchMap":{"0":{"loc":{"start":{"line":2,"column":2},"end":{"line":8,"column":3}},"type":"if","locations":[{"start":{"line":2,"column":2},"end":{"line":8,"column":3}},{"start":{},"end":{}}],"line":2},"1":{"loc":{"start":{"line":2,"column":6},"end":{"line":2,"column":69}},"type":"binary-expr","locations":[{"start":{"line":2,"column":6},"end":{"line":2,"column":36}},{"start":{"line":2,"column":40},"end":{"line":2,"column":69}}],"line":2},"2":{"loc":{"start":{"line":15,"column":2},"end":{"line":28,"column":3}},"type":"if","locations":[{"start":{"line":15,"column":2},"end":{"line":28,"column":3}},{"start":{"line":21,"column":9},"end":{"line":28,"column":3}}],"line":15}},"s":{"0":1,"1":0,"2":0,"3":0,"4":0,"5":0,"6":0,"7":1},"f":{"0":0},"b":{"0":[0,0],"1":[0,0],"2":[0,0]},"inputSourceMap":null,"_coverageSchema":"1a1c01bbd47fc00a2c39e90264f33305004495a9","hash":"18ca0fe13ae21f566b354626971dfc32a226c93c"}
,"C:\\Users\\sif\\Desktop\\mgl846\\idurar-erp-crm\\backend\\src\\controllers\\middlewaresControllers\\createCRUDController\\index.js": {"path":"C:\\Users\\sif\\Desktop\\mgl846\\idurar-erp-crm\\backend\\src\\controllers\\middlewaresControllers\\createCRUDController\\index.js","statementMap":{"0":{"start":{"line":1,"column":24},"end":{"line":1,"column":49}},"1":{"start":{"line":3,"column":17},"end":{"line":3,"column":36}},"2":{"start":{"line":5,"column":15},"end":{"line":5,"column":34}},"3":{"start":{"line":6,"column":13},"end":{"line":6,"column":30}},"4":{"start":{"line":7,"column":15},"end":{"line":7,"column":34}},"5":{"start":{"line":8,"column":15},"end":{"line":8,"column":34}},"6":{"start":{"line":9,"column":15},"end":{"line":9,"column":34}},"7":{"start":{"line":10,"column":15},"end":{"line":10,"column":34}},"8":{"start":{"line":11,"column":16},"end":{"line":11,"column":36}},"9":{"start":{"line":12,"column":16},"end":{"line":12,"column":36}},"10":{"start":{"line":13,"column":22},"end":{"line":13,"column":48}},"11":{"start":{"line":15,"column":29},"end":{"line":33,"column":1}},"12":{"start":{"line":16,"column":2},"end":{"line":18,"column":3}},"13":{"start":{"line":17,"column":4},"end":{"line":17,"column":57}},"14":{"start":{"line":20,"column":16},"end":{"line":20,"column":41}},"15":{"start":{"line":21,"column":20},"end":{"line":31,"column":3}},"16":{"start":{"line":22,"column":26},"end":{"line":22,"column":49}},"17":{"start":{"line":23,"column":24},"end":{"line":23,"column":45}},"18":{"start":{"line":24,"column":26},"end":{"line":24,"column":49}},"19":{"start":{"line":25,"column":26},"end":{"line":25,"column":49}},"20":{"start":{"line":26,"column":24},"end":{"line":26,"column":54}},"21":{"start":{"line":27,"column":27},"end":{"line":27,"column":51}},"22":{"start":{"line":28,"column":26},"end":{"line":28,"column":49}},"23":{"start":{"line":29,"column":26},"end":{"line":29,"column":49}},"24":{"start":{"line":30,"column":27},"end":{"line":30,"column":51}},"25":{"start":{"line":32,"column":2},"end":{"line":32,"column":21}},"26":{"start":{"line":35,"column":0},"end":{"line":35,"column":38}}},"fnMap":{"0":{"name":"(anonymous_0)","decl":{"start":{"line":15,"column":29},"end":{"line":15,"column":30}},"loc":{"start":{"line":15,"column":44},"end":{"line":33,"column":1}},"line":15},"1":{"name":"(anonymous_1)","decl":{"start":{"line":22,"column":12},"end":{"line":22,"column":13}},"loc":{"start":{"line":22,"column":26},"end":{"line":22,"column":49}},"line":22},"2":{"name":"(anonymous_2)","decl":{"start":{"line":23,"column":10},"end":{"line":23,"column":11}},"loc":{"start":{"line":23,"column":24},"end":{"line":23,"column":45}},"line":23},"3":{"name":"(anonymous_3)","decl":{"start":{"line":24,"column":12},"end":{"line":24,"column":13}},"loc":{"start":{"line":24,"column":26},"end":{"line":24,"column":49}},"line":24},"4":{"name":"(anonymous_4)","decl":{"start":{"line":25,"column":12},"end":{"line":25,"column":13}},"loc":{"start":{"line":25,"column":26},"end":{"line":25,"column":49}},"line":25},"5":{"name":"(anonymous_5)","decl":{"start":{"line":26,"column":10},"end":{"line":26,"column":11}},"loc":{"start":{"line":26,"column":24},"end":{"line":26,"column":54}},"line":26},"6":{"name":"(anonymous_6)","decl":{"start":{"line":27,"column":13},"end":{"line":27,"column":14}},"loc":{"start":{"line":27,"column":27},"end":{"line":27,"column":51}},"line":27},"7":{"name":"(anonymous_7)","decl":{"start":{"line":28,"column":12},"end":{"line":28,"column":13}},"loc":{"start":{"line":28,"column":26},"end":{"line":28,"column":49}},"line":28},"8":{"name":"(anonymous_8)","decl":{"start":{"line":29,"column":12},"end":{"line":29,"column":13}},"loc":{"start":{"line":29,"column":26},"end":{"line":29,"column":49}},"line":29},"9":{"name":"(anonymous_9)","decl":{"start":{"line":30,"column":13},"end":{"line":30,"column":14}},"loc":{"start":{"line":30,"column":27},"end":{"line":30,"column":51}},"line":30}},"branchMap":{"0":{"loc":{"start":{"line":16,"column":2},"end":{"line":18,"column":3}},"type":"if","locations":[{"start":{"line":16,"column":2},"end":{"line":18,"column":3}},{"start":{},"end":{}}],"line":16}},"s":{"0":1,"1":1,"2":1,"3":1,"4":1,"5":1,"6":1,"7":1,"8":1,"9":1,"10":1,"11":1,"12":2,"13":1,"14":1,"15":1,"16":0,"17":0,"18":0,"19":0,"20":0,"21":0,"22":0,"23":0,"24":0,"25":1,"26":1},"f":{"0":2,"1":0,"2":0,"3":0,"4":0,"5":0,"6":0,"7":0,"8":0,"9":0},"b":{"0":[1,1]},"inputSourceMap":null,"_coverageSchema":"1a1c01bbd47fc00a2c39e90264f33305004495a9","hash":"6aed63e9a2e99a0335d85d1c1f392734f9515a92"}
,"C:\\Users\\sif\\Desktop\\mgl846\\idurar-erp-crm\\backend\\src\\controllers\\middlewaresControllers\\createCRUDController\\listAll.js": {"path":"C:\\Users\\sif\\Desktop\\mgl846\\idurar-erp-crm\\backend\\src\\controllers\\middlewaresControllers\\createCRUDController\\listAll.js","statementMap":{"0":{"start":{"line":1,"column":16},"end":{"line":38,"column":1}},"1":{"start":{"line":2,"column":15},"end":{"line":2,"column":39}},"2":{"start":{"line":3,"column":18},"end":{"line":3,"column":48}},"3":{"start":{"line":8,"column":2},"end":{"line":23,"column":3}},"4":{"start":{"line":9,"column":4},"end":{"line":14,"column":14}},"5":{"start":{"line":16,"column":4},"end":{"line":22,"column":14}},"6":{"start":{"line":25,"column":2},"end":{"line":37,"column":3}},"7":{"start":{"line":26,"column":4},"end":{"line":30,"column":7}},"8":{"start":{"line":32,"column":4},"end":{"line":36,"column":7}},"9":{"start":{"line":40,"column":0},"end":{"line":40,"column":25}}},"fnMap":{"0":{"name":"(anonymous_0)","decl":{"start":{"line":1,"column":16},"end":{"line":1,"column":17}},"loc":{"start":{"line":1,"column":43},"end":{"line":38,"column":1}},"line":1}},"branchMap":{"0":{"loc":{"start":{"line":2,"column":15},"end":{"line":2,"column":39}},"type":"binary-expr","locations":[{"start":{"line":2,"column":15},"end":{"line":2,"column":29}},{"start":{"line":2,"column":33},"end":{"line":2,"column":39}}],"line":2},"1":{"loc":{"start":{"line":3,"column":18},"end":{"line":3,"column":48}},"type":"binary-expr","locations":[{"start":{"line":3,"column":18},"end":{"line":3,"column":35}},{"start":{"line":3,"column":39},"end":{"line":3,"column":48}}],"line":3},"2":{"loc":{"start":{"line":8,"column":2},"end":{"line":23,"column":3}},"type":"if","locations":[{"start":{"line":8,"column":2},"end":{"line":23,"column":3}},{"start":{"line":15,"column":9},"end":{"line":23,"column":3}}],"line":8},"3":{"loc":{"start":{"line":25,"column":2},"end":{"line":37,"column":3}},"type":"if","locations":[{"start":{"line":25,"column":2},"end":{"line":37,"column":3}},{"start":{"line":31,"column":9},"end":{"line":37,"column":3}}],"line":25}},"s":{"0":2,"1":6,"2":6,"3":6,"4":5,"5":1,"6":4,"7":3,"8":1,"9":2},"f":{"0":6},"b":{"0":[6,3],"1":[6,5],"2":[5,1],"3":[3,1]},"inputSourceMap":null,"_coverageSchema":"1a1c01bbd47fc00a2c39e90264f33305004495a9","hash":"f5fa506cf6e9fa3bea203de52b19101c0c1a4843"}
,"C:\\Users\\sif\\Desktop\\mgl846\\idurar-erp-crm\\backend\\src\\controllers\\middlewaresControllers\\createCRUDController\\paginatedList.js": {"path":"C:\\Users\\sif\\Desktop\\mgl846\\idurar-erp-crm\\backend\\src\\controllers\\middlewaresControllers\\createCRUDController\\paginatedList.js","statementMap":{"0":{"start":{"line":1,"column":22},"end":{"line":61,"column":1}},"1":{"start":{"line":2,"column":15},"end":{"line":2,"column":34}},"2":{"start":{"line":3,"column":16},"end":{"line":3,"column":47}},"3":{"start":{"line":4,"column":15},"end":{"line":4,"column":35}},"4":{"start":{"line":6,"column":64},"end":{"line":6,"column":73}},"5":{"start":{"line":8,"column":22},"end":{"line":8,"column":73}},"6":{"start":{"line":12,"column":2},"end":{"line":12,"column":55}},"7":{"start":{"line":14,"column":2},"end":{"line":16,"column":3}},"8":{"start":{"line":15,"column":4},"end":{"line":15,"column":75}},"9":{"start":{"line":19,"column":25},"end":{"line":29,"column":11}},"10":{"start":{"line":32,"column":23},"end":{"line":37,"column":4}},"11":{"start":{"line":39,"column":26},"end":{"line":39,"column":75}},"12":{"start":{"line":42,"column":16},"end":{"line":42,"column":40}},"13":{"start":{"line":45,"column":21},"end":{"line":45,"column":43}},"14":{"start":{"line":46,"column":2},"end":{"line":60,"column":3}},"15":{"start":{"line":47,"column":4},"end":{"line":52,"column":7}},"16":{"start":{"line":54,"column":4},"end":{"line":59,"column":7}},"17":{"start":{"line":63,"column":0},"end":{"line":63,"column":31}}},"fnMap":{"0":{"name":"(anonymous_0)","decl":{"start":{"line":1,"column":22},"end":{"line":1,"column":23}},"loc":{"start":{"line":1,"column":49},"end":{"line":61,"column":1}},"line":1}},"branchMap":{"0":{"loc":{"start":{"line":2,"column":15},"end":{"line":2,"column":34}},"type":"binary-expr","locations":[{"start":{"line":2,"column":15},"end":{"line":2,"column":29}},{"start":{"line":2,"column":33},"end":{"line":2,"column":34}}],"line":2},"1":{"loc":{"start":{"line":3,"column":16},"end":{"line":3,"column":47}},"type":"binary-expr","locations":[{"start":{"line":3,"column":16},"end":{"line":3,"column":41}},{"start":{"line":3,"column":45},"end":{"line":3,"column":47}}],"line":3},"2":{"loc":{"start":{"line":6,"column":10},"end":{"line":6,"column":28}},"type":"default-arg","locations":[{"start":{"line":6,"column":19},"end":{"line":6,"column":28}}],"line":6},"3":{"loc":{"start":{"line":6,"column":30},"end":{"line":6,"column":44}},"type":"default-arg","locations":[{"start":{"line":6,"column":42},"end":{"line":6,"column":44}}],"line":6},"4":{"loc":{"start":{"line":8,"column":22},"end":{"line":8,"column":73}},"type":"cond-expr","locations":[{"start":{"line":8,"column":41},"end":{"line":8,"column":68}},{"start":{"line":8,"column":71},"end":{"line":8,"column":73}}],"line":8},"5":{"loc":{"start":{"line":12,"column":11},"end":{"line":12,"column":54}},"type":"cond-expr","locations":[{"start":{"line":12,"column":38},"end":{"line":12,"column":40}},{"start":{"line":12,"column":43},"end":{"line":12,"column":54}}],"line":12},"6":{"loc":{"start":{"line":46,"column":2},"end":{"line":60,"column":3}},"type":"if","locations":[{"start":{"line":46,"column":2},"end":{"line":60,"column":3}},{"start":{"line":53,"column":9},"end":{"line":60,"column":3}}],"line":46}},"s":{"0":1,"1":0,"2":0,"3":0,"4":0,"5":0,"6":0,"7":0,"8":0,"9":0,"10":0,"11":0,"12":0,"13":0,"14":0,"15":0,"16":0,"17":1},"f":{"0":0},"b":{"0":[0,0],"1":[0,0],"2":[0],"3":[0],"4":[0,0],"5":[0,0],"6":[0,0]},"inputSourceMap":null,"_coverageSchema":"1a1c01bbd47fc00a2c39e90264f33305004495a9","hash":"f05b296c4dfd350912df9bc8be6bcf2cd12a4f9b"}
,"C:\\Users\\sif\\Desktop\\mgl846\\idurar-erp-crm\\backend\\src\\controllers\\middlewaresControllers\\createCRUDController\\read.js": {"path":"C:\\Users\\sif\\Desktop\\mgl846\\idurar-erp-crm\\backend\\src\\controllers\\middlewaresControllers\\createCRUDController\\read.js","statementMap":{"0":{"start":{"line":1,"column":13},"end":{"line":22,"column":1}},"1":{"start":{"line":3,"column":17},"end":{"line":6,"column":11}},"2":{"start":{"line":8,"column":2},"end":{"line":21,"column":3}},"3":{"start":{"line":9,"column":4},"end":{"line":13,"column":7}},"4":{"start":{"line":16,"column":4},"end":{"line":20,"column":7}},"5":{"start":{"line":24,"column":0},"end":{"line":24,"column":22}}},"fnMap":{"0":{"name":"(anonymous_0)","decl":{"start":{"line":1,"column":13},"end":{"line":1,"column":14}},"loc":{"start":{"line":1,"column":40},"end":{"line":22,"column":1}},"line":1}},"branchMap":{"0":{"loc":{"start":{"line":8,"column":2},"end":{"line":21,"column":3}},"type":"if","locations":[{"start":{"line":8,"column":2},"end":{"line":21,"column":3}},{"start":{"line":14,"column":9},"end":{"line":21,"column":3}}],"line":8}},"s":{"0":1,"1":0,"2":0,"3":0,"4":0,"5":1},"f":{"0":0},"b":{"0":[0,0]},"inputSourceMap":null,"_coverageSchema":"1a1c01bbd47fc00a2c39e90264f33305004495a9","hash":"296daf4a6453b673b45e4ab6e057ceacc8ca73e8"}
,"C:\\Users\\sif\\Desktop\\mgl846\\idurar-erp-crm\\backend\\src\\controllers\\middlewaresControllers\\createCRUDController\\remove.js": {"path":"C:\\Users\\sif\\Desktop\\mgl846\\idurar-erp-crm\\backend\\src\\controllers\\middlewaresControllers\\createCRUDController\\remove.js","statementMap":{"0":{"start":{"line":1,"column":15},"end":{"line":28,"column":1}},"1":{"start":{"line":3,"column":16},"end":{"line":5,"column":3}},"2":{"start":{"line":7,"column":17},"end":{"line":13,"column":10}},"3":{"start":{"line":15,"column":2},"end":{"line":27,"column":3}},"4":{"start":{"line":16,"column":4},"end":{"line":20,"column":7}},"5":{"start":{"line":22,"column":4},"end":{"line":26,"column":7}},"6":{"start":{"line":30,"column":0},"end":{"line":30,"column":24}}},"fnMap":{"0":{"name":"(anonymous_0)","decl":{"start":{"line":1,"column":15},"end":{"line":1,"column":16}},"loc":{"start":{"line":1,"column":42},"end":{"line":28,"column":1}},"line":1}},"branchMap":{"0":{"loc":{"start":{"line":15,"column":2},"end":{"line":27,"column":3}},"type":"if","locations":[{"start":{"line":15,"column":2},"end":{"line":27,"column":3}},{"start":{"line":21,"column":9},"end":{"line":27,"column":3}}],"line":15}},"s":{"0":1,"1":0,"2":0,"3":0,"4":0,"5":0,"6":1},"f":{"0":0},"b":{"0":[0,0]},"inputSourceMap":null,"_coverageSchema":"1a1c01bbd47fc00a2c39e90264f33305004495a9","hash":"f33e56181a92c21de2489628f125af7e6bf8318b"}
,"C:\\Users\\sif\\Desktop\\mgl846\\idurar-erp-crm\\backend\\src\\controllers\\middlewaresControllers\\createCRUDController\\search.js": {"path":"C:\\Users\\sif\\Desktop\\mgl846\\idurar-erp-crm\\backend\\src\\controllers\\middlewaresControllers\\createCRUDController\\search.js","statementMap":{"0":{"start":{"line":1,"column":15},"end":{"line":46,"column":1}},"1":{"start":{"line":13,"column":22},"end":{"line":13,"column":79}},"2":{"start":{"line":15,"column":17},"end":{"line":15,"column":28}},"3":{"start":{"line":17,"column":2},"end":{"line":19,"column":3}},"4":{"start":{"line":18,"column":4},"end":{"line":18,"column":75}},"5":{"start":{"line":22,"column":16},"end":{"line":28,"column":11}},"6":{"start":{"line":30,"column":2},"end":{"line":45,"column":3}},"7":{"start":{"line":31,"column":4},"end":{"line":35,"column":7}},"8":{"start":{"line":37,"column":4},"end":{"line":44,"column":13}},"9":{"start":{"line":48,"column":0},"end":{"line":48,"column":24}}},"fnMap":{"0":{"name":"(anonymous_0)","decl":{"start":{"line":1,"column":15},"end":{"line":1,"column":16}},"loc":{"start":{"line":1,"column":42},"end":{"line":46,"column":1}},"line":1}},"branchMap":{"0":{"loc":{"start":{"line":13,"column":22},"end":{"line":13,"column":79}},"type":"cond-expr","locations":[{"start":{"line":13,"column":41},"end":{"line":13,"column":68}},{"start":{"line":13,"column":71},"end":{"line":13,"column":79}}],"line":13},"1":{"loc":{"start":{"line":30,"column":2},"end":{"line":45,"column":3}},"type":"if","locations":[{"start":{"line":30,"column":2},"end":{"line":45,"column":3}},{"start":{"line":36,"column":9},"end":{"line":45,"column":3}}],"line":30}},"s":{"0":1,"1":0,"2":0,"3":0,"4":0,"5":0,"6":0,"7":0,"8":0,"9":1},"f":{"0":0},"b":{"0":[0,0],"1":[0,0]},"inputSourceMap":null,"_coverageSchema":"1a1c01bbd47fc00a2c39e90264f33305004495a9","hash":"14a8f77b99fb10fe2496a1f8b664fec7105535a3"}
,"C:\\Users\\sif\\Desktop\\mgl846\\idurar-erp-crm\\backend\\src\\controllers\\middlewaresControllers\\createCRUDController\\summary.js": {"path":"C:\\Users\\sif\\Desktop\\mgl846\\idurar-erp-crm\\backend\\src\\controllers\\middlewaresControllers\\createCRUDController\\summary.js","statementMap":{"0":{"start":{"line":1,"column":16},"end":{"line":29,"column":1}},"1":{"start":{"line":3,"column":23},"end":{"line":5,"column":4}},"2":{"start":{"line":7,"column":25},"end":{"line":12,"column":11}},"3":{"start":{"line":14,"column":38},"end":{"line":14,"column":87}},"4":{"start":{"line":16,"column":2},"end":{"line":28,"column":3}},"5":{"start":{"line":17,"column":4},"end":{"line":21,"column":7}},"6":{"start":{"line":23,"column":4},"end":{"line":27,"column":7}},"7":{"start":{"line":31,"column":0},"end":{"line":31,"column":25}}},"fnMap":{"0":{"name":"(anonymous_0)","decl":{"start":{"line":1,"column":16},"end":{"line":1,"column":17}},"loc":{"start":{"line":1,"column":43},"end":{"line":29,"column":1}},"line":1}},"branchMap":{"0":{"loc":{"start":{"line":16,"column":2},"end":{"line":28,"column":3}},"type":"if","locations":[{"start":{"line":16,"column":2},"end":{"line":28,"column":3}},{"start":{"line":22,"column":9},"end":{"line":28,"column":3}}],"line":16}},"s":{"0":1,"1":0,"2":0,"3":0,"4":0,"5":0,"6":0,"7":1},"f":{"0":0},"b":{"0":[0,0]},"inputSourceMap":null,"_coverageSchema":"1a1c01bbd47fc00a2c39e90264f33305004495a9","hash":"6506f1528f9b0de5cdeea9c6022610b545050bc1"}
,"C:\\Users\\sif\\Desktop\\mgl846\\idurar-erp-crm\\backend\\src\\controllers\\middlewaresControllers\\createCRUDController\\update.js": {"path":"C:\\Users\\sif\\Desktop\\mgl846\\idurar-erp-crm\\backend\\src\\controllers\\middlewaresControllers\\createCRUDController\\update.js","statementMap":{"0":{"start":{"line":1,"column":15},"end":{"line":21,"column":1}},"1":{"start":{"line":3,"column":2},"end":{"line":3,"column":27}},"2":{"start":{"line":4,"column":17},"end":{"line":7,"column":11}},"3":{"start":{"line":8,"column":2},"end":{"line":20,"column":3}},"4":{"start":{"line":9,"column":4},"end":{"line":13,"column":7}},"5":{"start":{"line":15,"column":4},"end":{"line":19,"column":7}},"6":{"start":{"line":23,"column":0},"end":{"line":23,"column":24}}},"fnMap":{"0":{"name":"(anonymous_0)","decl":{"start":{"line":1,"column":15},"end":{"line":1,"column":16}},"loc":{"start":{"line":1,"column":42},"end":{"line":21,"column":1}},"line":1}},"branchMap":{"0":{"loc":{"start":{"line":8,"column":2},"end":{"line":20,"column":3}},"type":"if","locations":[{"start":{"line":8,"column":2},"end":{"line":20,"column":3}},{"start":{"line":14,"column":9},"end":{"line":20,"column":3}}],"line":8}},"s":{"0":1,"1":0,"2":0,"3":0,"4":0,"5":0,"6":1},"f":{"0":0},"b":{"0":[0,0]},"inputSourceMap":null,"_coverageSchema":"1a1c01bbd47fc00a2c39e90264f33305004495a9","hash":"74deff4c53c046f0f83cd92d8543949e359adc46"}
,"C:\\Users\\sif\\Desktop\\mgl846\\idurar-erp-crm\\backend\\src\\models\\coreModels\\Email.js": {"path":"C:\\Users\\sif\\Desktop\\mgl846\\idurar-erp-crm\\backend\\src\\models\\coreModels\\Email.js","statementMap":{"0":{"start":{"line":1,"column":17},"end":{"line":1,"column":36}},"1":{"start":{"line":3,"column":20},"end":{"line":45,"column":2}},"2":{"start":{"line":47,"column":0},"end":{"line":47,"column":54}}},"fnMap":{},"branchMap":{},"s":{"0":3,"1":3,"2":3},"f":{},"b":{},"inputSourceMap":null,"_coverageSchema":"1a1c01bbd47fc00a2c39e90264f33305004495a9","hash":"3abb554000c9298eefaf869d7f3238bfec6323b0"}
,"C:\\Users\\sif\\Desktop\\mgl846\\idurar-erp-crm\\backend\\src\\models\\utils\\index.js": {"path":"C:\\Users\\sif\\Desktop\\mgl846\\idurar-erp-crm\\backend\\src\\models\\utils\\index.js","statementMap":{"0":{"start":{"line":1,"column":30},"end":{"line":1,"column":45}},"1":{"start":{"line":2,"column":21},"end":{"line":2,"column":36}},"2":{"start":{"line":4,"column":23},"end":{"line":4,"column":65}},"3":{"start":{"line":6,"column":16},"end":{"line":6,"column":38}},"4":{"start":{"line":8,"column":20},"end":{"line":15,"column":2}},"5":{"start":{"line":9,"column":32},"end":{"line":9,"column":50}},"6":{"start":{"line":10,"column":35},"end":{"line":13,"column":3}},"7":{"start":{"line":14,"column":2},"end":{"line":14,"column":34}},"8":{"start":{"line":17,"column":25},"end":{"line":17,"column":27}},"9":{"start":{"line":18,"column":22},"end":{"line":18,"column":24}},"10":{"start":{"line":19,"column":19},"end":{"line":19,"column":21}},"11":{"start":{"line":20,"column":19},"end":{"line":20,"column":21}},"12":{"start":{"line":22,"column":0},"end":{"line":47,"column":1}},"13":{"start":{"line":23,"column":32},"end":{"line":23,"column":50}},"14":{"start":{"line":24,"column":35},"end":{"line":27,"column":3}},"15":{"start":{"line":28,"column":20},"end":{"line":28,"column":54}},"16":{"start":{"line":29,"column":20},"end":{"line":29,"column":88}},"17":{"start":{"line":30,"column":37},"end":{"line":33,"column":3}},"18":{"start":{"line":34,"column":17},"end":{"line":34,"column":55}},"19":{"start":{"line":36,"column":2},"end":{"line":36,"column":61}},"20":{"start":{"line":37,"column":2},"end":{"line":37,"column":40}},"21":{"start":{"line":38,"column":2},"end":{"line":38,"column":32}},"22":{"start":{"line":39,"column":2},"end":{"line":39,"column":26}},"23":{"start":{"line":41,"column":16},"end":{"line":45,"column":3}},"24":{"start":{"line":46,"column":2},"end":{"line":46,"column":25}},"25":{"start":{"line":49,"column":0},"end":{"line":49,"column":90}}},"fnMap":{"0":{"name":"(anonymous_0)","decl":{"start":{"line":8,"column":42},"end":{"line":8,"column":43}},"loc":{"start":{"line":8,"column":56},"end":{"line":15,"column":1}},"line":8}},"branchMap":{},"s":{"0":1,"1":1,"2":1,"3":1,"4":1,"5":31,"6":31,"7":31,"8":1,"9":1,"10":1,"11":1,"12":1,"13":25,"14":25,"15":25,"16":25,"17":25,"18":25,"19":25,"20":25,"21":25,"22":25,"23":25,"24":25,"25":1},"f":{"0":31},"b":{},"inputSourceMap":null,"_coverageSchema":"1a1c01bbd47fc00a2c39e90264f33305004495a9","hash":"83b510b4575a847a8a54f4c775087fcaa207ae3e"}
}
