{"C:\\Users\\sif\\Desktop\\mgl846\\idurar-erp-crm\\backend\\src\\controllers\\middlewaresControllers\\createCRUDController\\listAll.js": {"path":"C:\\Users\\sif\\Desktop\\mgl846\\idurar-erp-crm\\backend\\src\\controllers\\middlewaresControllers\\createCRUDController\\listAll.js","statementMap":{"0":{"start":{"line":1,"column":16},"end":{"line":20,"column":1}},"1":{"start":{"line":2,"column":15},"end":{"line":2,"column":49}},"2":{"start":{"line":5,"column":17},"end":{"line":5,"column":95}},"3":{"start":{"line":7,"column":2},"end":{"line":19,"column":3}},"4":{"start":{"line":8,"column":4},"end":{"line":12,"column":7}},"5":{"start":{"line":14,"column":4},"end":{"line":18,"column":7}},"6":{"start":{"line":22,"column":0},"end":{"line":22,"column":25}}},"fnMap":{"0":{"name":"(anonymous_0)","decl":{"start":{"line":1,"column":16},"end":{"line":1,"column":17}},"loc":{"start":{"line":1,"column":43},"end":{"line":20,"column":1}},"line":1}},"branchMap":{"0":{"loc":{"start":{"line":2,"column":15},"end":{"line":2,"column":49}},"type":"binary-expr","locations":[{"start":{"line":2,"column":15},"end":{"line":2,"column":39}},{"start":{"line":2,"column":43},"end":{"line":2,"column":49}}],"line":2},"1":{"loc":{"start":{"line":7,"column":2},"end":{"line":19,"column":3}},"type":"if","locations":[{"start":{"line":7,"column":2},"end":{"line":19,"column":3}},{"start":{"line":13,"column":9},"end":{"line":19,"column":3}}],"line":7}},"s":{"0":1,"1":3,"2":3,"3":3,"4":3,"5":0,"6":1},"f":{"0":3},"b":{"0":[3,1],"1":[3,0]},"_coverageSchema":"1a1c01bbd47fc00a2c39e90264f33305004495a9","hash":"0e42854e6d18cc1f40f97f896ef1dd618dafde35"}
,"C:\\Users\\sif\\Desktop\\mgl846\\idurar-erp-crm\\backend\\src\\models\\coreModels\\Email.js": {"path":"C:\\Users\\sif\\Desktop\\mgl846\\idurar-erp-crm\\backend\\src\\models\\coreModels\\Email.js","statementMap":{"0":{"start":{"line":1,"column":17},"end":{"line":1,"column":36}},"1":{"start":{"line":3,"column":20},"end":{"line":46,"column":2}},"2":{"start":{"line":48,"column":0},"end":{"line":48,"column":54}}},"fnMap":{},"branchMap":{},"s":{"0":1,"1":1,"2":1},"f":{},"b":{},"_coverageSchema":"1a1c01bbd47fc00a2c39e90264f33305004495a9","hash":"a9afab0e4d679aa1cad52127e0af03ef3816a47f"}
}
