TN:
SF:src\controllers\middlewaresControllers\createCRUDController\create.js
FN:1,(anonymous_0)
FNF:1
FNH:1
FNDA:2,(anonymous_0)
DA:1,1
DA:3,2
DA:4,1
DA:7,1
DA:14,1
LF:5
LH:5
BRF:0
BRH:0
end_of_record
TN:
SF:src\controllers\middlewaresControllers\createCRUDController\listAll.js
FN:1,(anonymous_0)
FNF:1
FNH:1
FNDA:4,(anonymous_0)
DA:1,1
DA:2,4
DA:5,4
DA:7,4
DA:8,3
DA:14,1
DA:22,1
LF:7
LH:7
BRDA:2,0,0,4
BRDA:2,0,1,1
BRDA:7,1,0,3
BRDA:7,1,1,1
BRF:4
BRH:4
end_of_record
TN:
SF:src\models\coreModels\Email.js
FNF:0
FNH:0
DA:1,2
DA:3,2
DA:48,2
LF:3
LH:3
BRF:0
BRH:0
end_of_record
