TN:
SF:src\controllers\middlewaresControllers\createCRUDController\create.js
FN:1,(anonymous_0)
FNF:1
FNH:1
FNDA:2,(anonymous_0)
DA:1,2
DA:3,2
DA:4,1
DA:9,1
DA:16,2
LF:5
LH:5
BRF:0
BRH:0
end_of_record
TN:
SF:src\controllers\middlewaresControllers\createCRUDController\filter.js
FN:1,(anonymous_0)
FNF:1
FNH:0
FNDA:0,(anonymous_0)
DA:1,1
DA:2,0
DA:3,0
DA:9,0
DA:15,0
DA:16,0
DA:23,0
DA:31,1
LF:8
LH:2
BRDA:2,0,0,0
BRDA:2,0,1,0
BRDA:2,1,0,0
BRDA:2,1,1,0
BRDA:15,2,0,0
BRDA:15,2,1,0
BRF:6
BRH:0
end_of_record
TN:
SF:src\controllers\middlewaresControllers\createCRUDController\index.js
FN:15,(anonymous_0)
FN:22,(anonymous_1)
FN:23,(anonymous_2)
FN:24,(anonymous_3)
FN:25,(anonymous_4)
FN:26,(anonymous_5)
FN:27,(anonymous_6)
FN:28,(anonymous_7)
FN:29,(anonymous_8)
FN:30,(anonymous_9)
FNF:10
FNH:1
FNDA:2,(anonymous_0)
FNDA:0,(anonymous_1)
FNDA:0,(anonymous_2)
FNDA:0,(anonymous_3)
FNDA:0,(anonymous_4)
FNDA:0,(anonymous_5)
FNDA:0,(anonymous_6)
FNDA:0,(anonymous_7)
FNDA:0,(anonymous_8)
FNDA:0,(anonymous_9)
DA:1,1
DA:3,1
DA:5,1
DA:6,1
DA:7,1
DA:8,1
DA:9,1
DA:10,1
DA:11,1
DA:12,1
DA:13,1
DA:15,1
DA:16,2
DA:17,1
DA:20,1
DA:21,1
DA:22,0
DA:23,0
DA:24,0
DA:25,0
DA:26,0
DA:27,0
DA:28,0
DA:29,0
DA:30,0
DA:32,1
DA:35,1
LF:27
LH:18
BRDA:16,0,0,1
BRDA:16,0,1,1
BRF:2
BRH:2
end_of_record
TN:
SF:src\controllers\middlewaresControllers\createCRUDController\listAll.js
FN:1,(anonymous_0)
FNF:1
FNH:1
FNDA:6,(anonymous_0)
DA:1,2
DA:2,6
DA:3,6
DA:8,6
DA:9,5
DA:16,1
DA:25,4
DA:26,3
DA:32,1
DA:40,2
LF:10
LH:10
BRDA:2,0,0,6
BRDA:2,0,1,3
BRDA:3,1,0,6
BRDA:3,1,1,5
BRDA:8,2,0,5
BRDA:8,2,1,1
BRDA:25,3,0,3
BRDA:25,3,1,1
BRF:8
BRH:8
end_of_record
TN:
SF:src\controllers\middlewaresControllers\createCRUDController\paginatedList.js
FN:1,(anonymous_0)
FNF:1
FNH:1
FNDA:3,(anonymous_0)
DA:1,2
DA:2,3
DA:3,2
DA:4,2
DA:6,2
DA:8,2
DA:12,2
DA:14,2
DA:15,2
DA:19,2
DA:32,2
DA:39,2
DA:42,2
DA:45,2
DA:46,2
DA:47,1
DA:54,1
DA:63,2
LF:18
LH:18
BRDA:2,0,0,3
BRDA:2,0,1,2
BRDA:3,1,0,2
BRDA:3,1,1,0
BRDA:6,2,0,2
BRDA:6,3,0,2
BRDA:8,4,0,2
BRDA:8,4,1,0
BRDA:12,5,0,0
BRDA:12,5,1,2
BRDA:46,6,0,1
BRDA:46,6,1,1
BRF:12
BRH:9
end_of_record
TN:
SF:src\controllers\middlewaresControllers\createCRUDController\read.js
FN:1,(anonymous_0)
FNF:1
FNH:1
FNDA:3,(anonymous_0)
DA:1,2
DA:3,3
DA:8,2
DA:9,1
DA:16,1
DA:24,2
LF:6
LH:6
BRDA:8,0,0,1
BRDA:8,0,1,1
BRF:2
BRH:2
end_of_record
TN:
SF:src\controllers\middlewaresControllers\createCRUDController\remove.js
FN:1,(anonymous_0)
FNF:1
FNH:1
FNDA:3,(anonymous_0)
DA:1,2
DA:3,3
DA:7,3
DA:15,2
DA:16,1
DA:22,1
DA:30,2
LF:7
LH:7
BRDA:15,0,0,1
BRDA:15,0,1,1
BRF:2
BRH:2
end_of_record
TN:
SF:src\controllers\middlewaresControllers\createCRUDController\search.js
FN:1,(anonymous_0)
FNF:1
FNH:1
FNDA:4,(anonymous_0)
DA:1,3
DA:13,4
DA:15,3
DA:17,3
DA:18,3
DA:22,3
DA:30,3
DA:31,1
DA:37,2
DA:48,3
LF:10
LH:10
BRDA:13,0,0,2
BRDA:13,0,1,1
BRDA:30,1,0,1
BRDA:30,1,1,2
BRF:4
BRH:4
end_of_record
TN:
SF:src\controllers\middlewaresControllers\createCRUDController\summary.js
FN:1,(anonymous_0)
FNF:1
FNH:1
FNDA:3,(anonymous_0)
DA:1,2
DA:3,3
DA:7,3
DA:14,2
DA:16,2
DA:17,0
DA:23,2
DA:31,2
LF:8
LH:7
BRDA:16,0,0,0
BRDA:16,0,1,2
BRF:2
BRH:1
end_of_record
TN:
SF:src\controllers\middlewaresControllers\createCRUDController\update.js
FN:1,(anonymous_0)
FNF:1
FNH:1
FNDA:3,(anonymous_0)
DA:1,2
DA:3,3
DA:4,3
DA:8,2
DA:9,1
DA:15,1
DA:23,2
LF:7
LH:7
BRDA:8,0,0,1
BRDA:8,0,1,1
BRF:2
BRH:2
end_of_record
TN:
SF:src\models\coreModels\Email.js
FNF:0
FNH:0
DA:1,9
DA:3,9
DA:47,9
LF:3
LH:3
BRF:0
BRH:0
end_of_record
TN:
SF:src\models\utils\index.js
FN:8,(anonymous_0)
FNF:1
FNH:1
FNDA:31,(anonymous_0)
DA:1,1
DA:2,1
DA:4,1
DA:6,1
DA:8,1
DA:9,31
DA:10,31
DA:14,31
DA:17,1
DA:18,1
DA:19,1
DA:20,1
DA:22,1
DA:23,25
DA:24,25
DA:28,25
DA:29,25
DA:30,25
DA:34,25
DA:36,25
DA:37,25
DA:38,25
DA:39,25
DA:41,25
DA:46,25
DA:49,1
LF:26
LH:26
BRF:0
BRH:0
end_of_record
